

Started GET "/" for ::1 at 2016-04-19 17:33:21 -0400
Processing by Rails::WelcomeController#index as HTML
  Rendered C:/RailsInstaller/Ruby2.2.0/lib/ruby/gems/2.2.0/gems/railties-4.2.5.1/lib/rails/templates/rails/welcome/index.html.erb (5.0ms)
Completed 200 OK in 108ms (Views: 80.6ms | ActiveRecord: 0.0ms)


Started GET "/rails/info/properties" for ::1 at 2016-04-19 17:34:45 -0400
Processing by Rails::InfoController#properties as */*
  Rendered C:/RailsInstaller/Ruby2.2.0/lib/ruby/gems/2.2.0/gems/railties-4.2.5.1/lib/rails/templates/rails/info/properties.html.erb (0.0ms)
Completed 200 OK in 793ms (Views: 606.8ms | ActiveRecord: 28.0ms)


Started GET "/" for ::1 at 2016-04-19 17:36:26 -0400
Processing by Rails::WelcomeController#index as HTML
  Rendered C:/RailsInstaller/Ruby2.2.0/lib/ruby/gems/2.2.0/gems/railties-4.2.5.1/lib/rails/templates/rails/welcome/index.html.erb (0.0ms)
Completed 200 OK in 28ms (Views: 27.5ms | ActiveRecord: 0.0ms)


Started GET "/" for ::1 at 2016-04-19 17:41:36 -0400
Processing by Rails::WelcomeController#index as HTML
  Rendered C:/RailsInstaller/Ruby2.2.0/lib/ruby/gems/2.2.0/gems/railties-4.2.5.1/lib/rails/templates/rails/welcome/index.html.erb (4.0ms)
Completed 200 OK in 98ms (Views: 75.1ms | ActiveRecord: 0.0ms)


Started GET "/" for ::1 at 2016-04-19 18:38:27 -0400
Processing by Rails::WelcomeController#index as HTML
  Rendered C:/RailsInstaller/Ruby2.2.0/lib/ruby/gems/2.2.0/gems/railties-4.2.5.1/lib/rails/templates/rails/welcome/index.html.erb (4.0ms)
Completed 200 OK in 57ms (Views: 42.6ms | ActiveRecord: 0.0ms)
